<?xml version="1.0" encoding="UTF-8"?>
<!-- Generated by org.testng.reporters.JUnitReportReporter -->
<testsuite hostname="DESKTOP-8TB3HDN" failures="0" tests="1" name="mavenproject.ActiTimeTest" time="26.609" errors="0" timestamp="2023-02-05T09:48:29 IST" skipped="0">
  <testcase classname="mavenproject.ActiTimeTest" name="chaangeGeneralSetting" time="26.609"/>
  <system-out/>
</testsuite> <!-- mavenproject.ActiTimeTest -->
