<?xml version="1.0" encoding="UTF-8"?>
<!-- Generated by org.testng.reporters.JUnitReportReporter -->
<testsuite hostname="DESKTOP-8TB3HDN" failures="0" tests="1" name="mavenproject.AlertHandle" time="22.172" errors="0" timestamp="2023-01-03T15:57:02 IST" skipped="0">
  <testcase classname="mavenproject.AlertHandle" name="chaangeGeneralSettingAlertHandle" time="22.172"/>
  <system-out/>
</testsuite> <!-- mavenproject.AlertHandle -->
